0 info it worked if it ends with ok
1 verbose cli [ '/usr/bin/nodejs', '/usr/bin/npm', 'run', 'test' ]
2 info using npm@3.8.3
3 info using node@v4.4.1
4 verbose run-script [ 'pretest', 'test', 'posttest' ]
5 info lifecycle egghead_redux@1.0.0~pretest: egghead_redux@1.0.0
6 silly lifecycle egghead_redux@1.0.0~pretest: no script for pretest, continuing
7 info lifecycle egghead_redux@1.0.0~test: egghead_redux@1.0.0
8 verbose lifecycle egghead_redux@1.0.0~test: unsafe-perm in lifecycle true
9 verbose lifecycle egghead_redux@1.0.0~test: PATH: /usr/lib/node_modules/npm/bin/node-gyp-bin:/home/eric/development/personal/practice_projects/js/react/egghead_redux/node_modules/.bin:/usr/bin:/usr/local/sbin:/usr/local/bin:/usr/sbin:/usr/bin:/sbin:/bin
10 verbose lifecycle egghead_redux@1.0.0~test: CWD: /home/eric/development/personal/practice_projects/js/react/egghead_redux
11 silly lifecycle egghead_redux@1.0.0~test: Args: [ '-c', 'echo "Error: no test specified" && exit 1' ]
12 silly lifecycle egghead_redux@1.0.0~test: Returned: code: 1  signal: null
13 info lifecycle egghead_redux@1.0.0~test: Failed to exec test script
14 verbose stack Error: egghead_redux@1.0.0 test: `echo "Error: no test specified" && exit 1`
14 verbose stack Exit status 1
14 verbose stack     at EventEmitter.<anonymous> (/usr/lib/node_modules/npm/lib/utils/lifecycle.js:239:16)
14 verbose stack     at emitTwo (events.js:87:13)
14 verbose stack     at EventEmitter.emit (events.js:172:7)
14 verbose stack     at ChildProcess.<anonymous> (/usr/lib/node_modules/npm/lib/utils/spawn.js:24:14)
14 verbose stack     at emitTwo (events.js:87:13)
14 verbose stack     at ChildProcess.emit (events.js:172:7)
14 verbose stack     at maybeClose (internal/child_process.js:827:16)
14 verbose stack     at Process.ChildProcess._handle.onexit (internal/child_process.js:211:5)
15 verbose pkgid egghead_redux@1.0.0
16 verbose cwd /home/eric/development/personal/practice_projects/js/react/egghead_redux
17 error Linux 4.2.0-34-generic
18 error argv "/usr/bin/nodejs" "/usr/bin/npm" "run" "test"
19 error node v4.4.1
20 error npm  v3.8.3
21 error code ELIFECYCLE
22 error egghead_redux@1.0.0 test: `echo "Error: no test specified" && exit 1`
22 error Exit status 1
23 error Failed at the egghead_redux@1.0.0 test script 'echo "Error: no test specified" && exit 1'.
23 error Make sure you have the latest version of node.js and npm installed.
23 error If you do, this is most likely a problem with the egghead_redux package,
23 error not with npm itself.
23 error Tell the author that this fails on your system:
23 error     echo "Error: no test specified" && exit 1
23 error You can get information on how to open an issue for this project with:
23 error     npm bugs egghead_redux
23 error Or if that isn't available, you can get their info via:
23 error     npm owner ls egghead_redux
23 error There is likely additional logging output above.
24 verbose exit [ 1, true ]
